src/components/admin/pages/AIGenerateIntro.tsx(35,14): error TS2551: Property 'storeStatus' does not exist on type 'Cast'. Did you mean 'storeStatuses'?
src/components/templates/store/fukuoka/page-templates/TopPage.tsx(80,11): error TS2322: Type '{ config: CastConfig | undefined; isEditing: boolean | undefined; onUpdate: ((section: string, key: string, value: any) => void) | undefined; onImageUpload: ((section: string, file: File, index?: number | undefined, key?: string | undefined) => void) | undefined; }' is not assignable to type 'IntrinsicAttributes & CastSectionProps'.
  Property 'onUpdate' does not exist on type 'IntrinsicAttributes & CastSectionProps'.
src/components/templates/store/fukuoka/page-templates/TopPage.tsx(89,11): error TS2322: Type '{ config: NewcomerConfig | undefined; isEditing: boolean | undefined; onUpdate: ((section: string, key: string, value: any) => void) | undefined; onImageUpload: ((section: string, file: File, index?: number | undefined, key?: string | undefined) => void) | undefined; }' is not assignable to type 'IntrinsicAttributes & NewcomerSectionProps'.
  Property 'onImageUpload' does not exist on type 'IntrinsicAttributes & NewcomerSectionProps'.
src/data/admin-mockData.ts(214,5): error TS2561: Object literal may only specify known properties, but 'storeStatus' does not exist in type 'Cast'. Did you mean to write 'storeStatuses'?
src/data/admin-mockData.ts(235,5): error TS2561: Object literal may only specify known properties, but 'storeStatus' does not exist in type 'Cast'. Did you mean to write 'storeStatuses'?
src/data/admin-mockData.ts(256,5): error TS2561: Object literal may only specify known properties, but 'storeStatus' does not exist in type 'Cast'. Did you mean to write 'storeStatuses'?
src/data/admin-mockData.ts(277,5): error TS2561: Object literal may only specify known properties, but 'storeStatus' does not exist in type 'Cast'. Did you mean to write 'storeStatuses'?
src/data/admin-mockData.ts(298,5): error TS2561: Object literal may only specify known properties, but 'storeStatus' does not exist in type 'Cast'. Did you mean to write 'storeStatuses'?
src/data/admin-mockData.ts(313,3): error TS2741: Property 'storeStatuses' is missing in type '{ id: string; name: string; storeIds: string[]; storePriorities: {}; status: "蝨ｨ邀堺ｸｭ" | "髮｢邀・; storeStatus: "\u30EC\u30AE\u30E5\u30E9\u30FC" | "\u65B0\u4EBA" | "\u5E97\u9577\u304A\u3059\u3059\u3081"; tags: string[]; photoUrl: string; managerComment: string; catchphrase: string; stats: { ...; }; }' but required in type 'Cast'.
